2014-04-22 14:45:41,741 INFO  [Log] **************************************************************************************** 
2014-04-22 14:45:41,742 INFO  [Log] **************************************************************************************** 
2014-04-22 14:45:41,742 INFO  [Log] $$$$$$$$$$$$$$$$$$$$$                 Framework_001       $$$$$$$$$$$$$$$$$$$$$$$$$ 
2014-04-22 14:45:41,742 INFO  [Log] **************************************************************************************** 
2014-04-22 14:45:41,743 INFO  [Log] **************************************************************************************** 
2014-04-22 14:45:42,302 INFO  [Log] Excel sheet opened 
2014-04-22 14:45:42,302 INFO  [Log] Total number of Row used return as < 2 >. 
2014-04-22 14:45:59,257 INFO  [Log] New driver instantiated 
2014-04-22 14:45:59,358 INFO  [Log] Implicit wait applied on the driver for 10 seconds 
2014-04-22 14:46:12,211 INFO  [Log] Web application launched successfully 
2014-04-22 14:46:12,488 INFO  [Log] My Account link is found on the Home Page 
2014-04-22 14:46:12,588 INFO  [Log] Click action is perfromed on My Account link 
2014-04-22 14:46:17,885 INFO  [Log] Username text box is found on the Login Page 
2014-04-22 14:46:17,956 INFO  [Log] testuser_1 is entered in UserName text box 
2014-04-22 14:46:17,977 INFO  [Log] Password text box is found on the Login page 
2014-04-22 14:46:18,039 INFO  [Log] Test@123 is entered in Password text box 
2014-04-22 14:46:18,055 INFO  [Log] Submit button is found on the Login page 
2014-04-22 14:46:18,715 INFO  [Log] Click action is performed on Submit button 
2014-04-22 14:46:31,327 INFO  [Log] Log Out link is found on the Home Page 
2014-04-22 14:46:31,574 INFO  [Log] Product category link is found under Top Navigation 
2014-04-22 14:46:31,927 INFO  [Log] Accessories link is found under Product Category 
2014-04-22 14:46:32,006 INFO  [Log] Click action is performed on the selected Product Type 
2014-04-22 14:46:32,007 INFO  [Log] Product Type Accessories is selected from the Top menu 
2014-04-22 14:46:37,285 INFO  [Log] Add to Cart button is found for Product 2 
2014-04-22 14:46:37,458 INFO  [Log] Product 2 is selected from the Product listing page 
2014-04-22 14:46:38,517 INFO  [Log] Go to Cart button is found on the Cart Pop Up window 
2014-04-22 14:46:41,771 INFO  [Log] Product Name for purchased product is found on the Check Out Page 
2014-04-22 14:46:41,824 INFO  [Log] Product Price for purchased product is found on the Check Out Page 
2014-04-22 14:46:41,860 INFO  [Log] Continue button is found on the Check Out Page 
2014-04-22 14:46:41,957 INFO  [Log] Email text box on Payment Details page is found. 
2014-04-22 14:46:43,029 INFO  [Log] Email text box on Payment Details page is found. 
2014-04-22 14:46:43,108 INFO  [Log] tooolsqa@gmail.com is entered as First Name on the Payment detail page 
2014-04-22 14:46:43,126 INFO  [Log] First Name text box on Payment Details page is found. 
2014-04-22 14:46:43,201 INFO  [Log] First Name text box on Payment Details page is found. 
2014-04-22 14:46:43,356 INFO  [Log] Lakshay is entered as First Name on the Payment detail page 
2014-04-22 14:46:43,366 INFO  [Log] Last Name text box on Payment Details page is found. 
2014-04-22 14:46:43,453 INFO  [Log] Last Name text box on Payment Details page is found. 
2014-04-22 14:46:43,560 INFO  [Log] Sharma is entered as Last Name on the Payment detail page 
2014-04-22 14:46:43,568 INFO  [Log] Address text box on Payment Details page is found. 
2014-04-22 14:46:43,756 INFO  [Log] Address text box on Payment Details page is found. 
2014-04-22 14:46:44,151 INFO  [Log] 35, Marconi House, Walker Road is entered as Address on the Payment detail page 
2014-04-22 14:46:44,162 INFO  [Log] City text box on Payment Details page is found. 
2014-04-22 14:46:44,244 INFO  [Log] City text box on Payment Details page is found. 
2014-04-22 14:46:44,393 INFO  [Log] Newcastle is entered as City on the Payment detail page 
2014-04-22 14:46:44,509 INFO  [Log] Country dropdown on Payment Details page is found. 
2014-04-22 14:46:44,570 INFO  [Log] United Kingdom is Selected as Country on the Payment detail page 
2014-04-22 14:46:44,633 INFO  [Log] Phone text box on Payment Details page is found. 
2014-04-22 14:46:44,740 INFO  [Log] Phone text box on Payment Details page is found. 
2014-04-22 14:46:44,868 INFO  [Log] 07777777777 is entered as Phone on the Payment detail page 
2014-04-22 14:46:44,876 INFO  [Log] Same as Billing address check box on Payment Details page is found. 
2014-04-22 14:46:44,890 INFO  [Log] Purchase button on Payment Details page is found. 
2014-04-22 14:46:47,948 INFO  [Log] Click action is performed on Purchase button on the Payment detail page 
2014-04-22 14:46:47,959 INFO  [Log] Product name is found on the Confirmation Page 
2014-04-22 14:46:47,985 INFO  [Log] Product price is found on the Confirmation Page 
2014-04-22 14:46:48,185 INFO  [Log] XXXXXXXXXXXXXXXXXXXXXXX             -E---N---D-             XXXXXXXXXXXXXXXXXXXXXX 
2014-04-22 14:46:48,185 INFO  [Log] X 
2014-04-22 14:46:48,185 INFO  [Log] X 
2014-04-22 14:46:48,186 INFO  [Log] X 
2014-04-22 14:46:48,186 INFO  [Log] X 
2014-04-22 17:32:40,212 INFO  [Log] New driver instantiated 
2014-04-22 17:32:40,227 INFO  [Log] Implicit wait applied on the driver for 10 seconds 
2014-04-22 17:32:58,881 INFO  [Log] Web application launched 
2014-04-22 17:32:59,000 INFO  [Log] Click action performed on My Account link 
2014-04-22 17:35:15,781 INFO  [Log] New driver instantiated 
2014-04-22 17:35:15,799 INFO  [Log] Implicit wait applied on the driver for 10 seconds 
2014-04-22 17:35:33,430 INFO  [Log] Web application launched 
2014-04-22 17:35:33,539 INFO  [Log] Click action performed on My Account link 
2014-04-22 17:47:58,080 INFO  [Log] New driver instantiated 
2014-04-22 17:47:58,101 INFO  [Log] Implicit wait applied on the driver for 10 seconds 
2014-04-22 17:48:15,116 INFO  [Log] Web application launched 
2014-04-22 17:48:36,220 INFO  [Log] Click action performed on My Account link 
2014-04-22 17:48:37,787 INFO  [Log] Username entered in the Username text box 
2014-04-22 17:48:37,877 INFO  [Log] Password entered in the Password text box 
2014-04-22 17:48:38,576 INFO  [Log] Click action performed on Submit button 
2014-04-22 17:48:45,875 INFO  [Log] Click action performed on Log out link 
2014-04-22 17:48:46,110 INFO  [Log] Browser closed 
2016-12-31 16:00:45,351 INFO  [Log] **************************************************************************************** 
2016-12-31 16:00:45,353 INFO  [Log] **************************************************************************************** 
2016-12-31 16:00:45,353 INFO  [Log] $$$$$$$$$$$$$$$$$$$$$                 Framework_001       $$$$$$$$$$$$$$$$$$$$$$$$$ 
2016-12-31 16:00:45,353 INFO  [Log] **************************************************************************************** 
2016-12-31 16:00:45,353 INFO  [Log] **************************************************************************************** 
2016-12-31 16:01:47,679 INFO  [Log] **************************************************************************************** 
2016-12-31 16:01:47,679 INFO  [Log] **************************************************************************************** 
2016-12-31 16:01:47,679 INFO  [Log] $$$$$$$$$$$$$$$$$$$$$                 Framework_001       $$$$$$$$$$$$$$$$$$$$$$$$$ 
2016-12-31 16:01:47,679 INFO  [Log] **************************************************************************************** 
2016-12-31 16:01:47,679 INFO  [Log] **************************************************************************************** 
2016-12-31 16:01:48,106 INFO  [Log] Excel sheet opened 
2016-12-31 16:01:48,106 INFO  [Log] Total number of Row used return as < 2 >. 
2016-12-31 16:01:51,669 INFO  [Log] New driver instantiated 
2016-12-31 16:01:51,697 INFO  [Log] Implicit wait applied on the driver for 10 seconds 
2016-12-31 16:01:51,811 ERROR [Log] Class Utils | Method OpenBrowser | Exception desc : Reached error page: about:neterror?e=dnsNotFound&u=http%3A//www.onlinestore.toolsqa.com/&c=UTF-8&f=regular&d=Firefox%20can%E2%80%99t%20find%20the%20server%20at%20www.onlinestore.toolsqa.com.
Build info: version: '3.0.1', revision: '1969d75', time: '2016-10-18 09:49:13 -0700'
System info: host: 'NguyenPT.local', ip: '192.168.0.7', os.name: 'Mac OS X', os.arch: 'x86_64', os.version: '10.12.2', java.version: '1.8.0_51'
Driver info: org.openqa.selenium.firefox.FirefoxDriver
Capabilities [{rotatable=false, raisesAccessibilityExceptions=false, marionette=true, firefoxOptions={args=[], prefs={}}, appBuildId=20161208153507, version=, platform=MAC, proxy={}, command_id=1, specificationLevel=0, acceptSslCerts=false, processId=49790, browserVersion=50.1.0, platformVersion=16.3.0, XULappId={ec8030f7-c20a-464f-9b0e-13a3a9e97384}, browserName=firefox, takesScreenshot=true, takesElementScreenshot=true, platformName=darwin}]
Session ID: ce565912-6b3a-bb4a-bda3-22c144c8e363 
2016-12-31 16:05:41,121 ERROR [Log] My Acocunt link is not found on the Home Page 
2016-12-31 16:05:41,252 ERROR [Log] Class Utils | Method takeScreenshot | Exception occured while capturing ScreenShot : Tried to run command without establishing a connection
Build info: version: '3.0.1', revision: '1969d75', time: '2016-10-18 09:49:13 -0700'
System info: host: 'NguyenPT.local', ip: '192.168.0.7', os.name: 'Mac OS X', os.arch: 'x86_64', os.version: '10.12.2', java.version: '1.8.0_51'
Driver info: org.openqa.selenium.firefox.FirefoxDriver
Capabilities [{rotatable=false, raisesAccessibilityExceptions=false, marionette=true, firefoxOptions={args=[], prefs={}}, appBuildId=20161208153507, version=, platform=MAC, proxy={}, command_id=1, specificationLevel=0, acceptSslCerts=false, processId=49790, browserVersion=50.1.0, platformVersion=16.3.0, XULappId={ec8030f7-c20a-464f-9b0e-13a3a9e97384}, browserName=firefox, takesScreenshot=true, takesElementScreenshot=true, platformName=darwin}]
Session ID: ce565912-6b3a-bb4a-bda3-22c144c8e363 
2016-12-31 16:05:41,255 INFO  [Log] XXXXXXXXXXXXXXXXXXXXXXX             -E---N---D-             XXXXXXXXXXXXXXXXXXXXXX 
2016-12-31 16:05:41,255 INFO  [Log] X 
2016-12-31 16:05:41,255 INFO  [Log] X 
2016-12-31 16:05:41,255 INFO  [Log] X 
2016-12-31 16:05:41,255 INFO  [Log] X 
2017-01-01 23:20:48,931 INFO  [Log] **************************************************************************************** 
2017-01-01 23:20:48,933 INFO  [Log] **************************************************************************************** 
2017-01-01 23:20:48,933 INFO  [Log] $$$$$$$$$$$$$$$$$$$$$                 Framework_001       $$$$$$$$$$$$$$$$$$$$$$$$$ 
2017-01-01 23:20:48,933 INFO  [Log] **************************************************************************************** 
2017-01-01 23:20:48,933 INFO  [Log] **************************************************************************************** 
2017-01-01 23:20:49,459 INFO  [Log] Excel sheet opened 
2017-01-01 23:20:49,460 INFO  [Log] Total number of Row used return as < 2 >. 
2017-01-01 23:20:52,090 INFO  [Log] New driver instantiated 
2017-01-01 23:20:52,129 INFO  [Log] Implicit wait applied on the driver for 10 seconds 
2017-01-01 23:20:52,267 ERROR [Log] Class Utils | Method OpenBrowser | Exception desc : Reached error page: about:neterror?e=dnsNotFound&u=http%3A//www.onlinestore.toolsqa.com/&c=UTF-8&f=regular&d=Firefox%20can%E2%80%99t%20find%20the%20server%20at%20www.onlinestore.toolsqa.com.
Build info: version: '3.0.1', revision: '1969d75', time: '2016-10-18 09:49:13 -0700'
System info: host: 'NguyenPT.local', ip: '192.168.0.7', os.name: 'Mac OS X', os.arch: 'x86_64', os.version: '10.12.2', java.version: '1.8.0_51'
Driver info: org.openqa.selenium.firefox.FirefoxDriver
Capabilities [{rotatable=false, raisesAccessibilityExceptions=false, marionette=true, firefoxOptions={args=[], prefs={}}, appBuildId=20161208153507, version=, platform=MAC, proxy={}, command_id=1, specificationLevel=0, acceptSslCerts=false, processId=65799, browserVersion=50.1.0, platformVersion=16.3.0, XULappId={ec8030f7-c20a-464f-9b0e-13a3a9e97384}, browserName=firefox, takesScreenshot=true, takesElementScreenshot=true, platformName=darwin}]
Session ID: 51a4d90f-87a1-004f-9eeb-92570a7a3c96 
2017-01-02 02:20:51,979 ERROR [Log] My Acocunt link is not found on the Home Page 
2017-01-02 05:20:51,840 ERROR [Log] Class Utils | Method takeScreenshot | Exception occured while capturing ScreenShot : java.net.SocketTimeoutException: Read timed out
Build info: version: '3.0.1', revision: '1969d75', time: '2016-10-18 09:49:13 -0700'
System info: host: 'NguyenPT.local', ip: '192.168.0.7', os.name: 'Mac OS X', os.arch: 'x86_64', os.version: '10.12.2', java.version: '1.8.0_51'
Driver info: driver.version: FirefoxDriver 
2017-01-02 05:20:51,851 INFO  [Log] XXXXXXXXXXXXXXXXXXXXXXX             -E---N---D-             XXXXXXXXXXXXXXXXXXXXXX 
2017-01-02 05:20:51,852 INFO  [Log] X 
2017-01-02 05:20:51,852 INFO  [Log] X 
2017-01-02 05:20:51,852 INFO  [Log] X 
2017-01-02 05:20:51,852 INFO  [Log] X 
